<?xml version="1.0" encoding="UTF-8"?>
<!-- Generated by org.testng.reporters.JUnitReportReporter -->
<testsuite hostname="bhuviii" failures="0" tests="2" name="user_services.NormalUsage" time="9.327" errors="0" timestamp="2022-06-14T08:21:30 IST" skipped="0">
  <testcase classname="user_services.NormalUsage" name="AmazonURlOpening" time="2.165"/>
  <system-out/>
  <testcase classname="user_services.NormalUsage" name="AmazonURlOpening" time="7.162"/>
  <system-out/>
</testsuite> <!-- user_services.NormalUsage -->
